[1.264s] colcon DEBUG Command line arguments: ['C:\\opt\\ros\\foxy\\x64\\Scripts\\colcon', 'list', '-p', '--base-paths', 'j:\\git\\movement\\STRATA_Jetson\\catkin']
[1.264s] colcon DEBUG Parsed command line arguments: Namespace(base_paths=['j:\\git\\movement\\STRATA_Jetson\\catkin'], build_base='build', ignore_user_meta=False, log_base=None, log_level=None, main=<bound method ListVerb.main of <colcon_package_information.verb.list.ListVerb object at 0x000001B70B2C68E0>>, metas=['./colcon.meta'], names_only=False, packages_above=None, packages_above_and_dependencies=None, packages_above_depth=None, packages_end=None, packages_ignore=None, packages_ignore_regex=None, packages_select=None, packages_select_build_failed=False, packages_select_by_dep=None, packages_select_regex=None, packages_select_test_failures=False, packages_skip=None, packages_skip_build_finished=False, packages_skip_by_dep=None, packages_skip_regex=None, packages_skip_test_passed=False, packages_skip_up_to=None, packages_start=None, packages_up_to=None, packages_up_to_regex=None, paths=None, paths_only=True, topological_graph=False, topological_graph_density=False, topological_graph_dot=False, topological_graph_dot_cluster=False, topological_graph_dot_include_skipped=False, topological_graph_legend=False, topological_order=False, verb_extension=<colcon_package_information.verb.list.ListVerb object at 0x000001B70B2C68E0>, verb_name='list', verb_parser=<colcon_defaults.argument_parser.defaults.DefaultArgumentsDecorator object at 0x000001B70B47F490>)
[1.352s] colcon.colcon_core.package_discovery Level 1 discover_packages(colcon_meta) check parameters
[1.362s] colcon.colcon_core.package_discovery Level 1 discover_packages(recursive) check parameters
[1.362s] colcon.colcon_core.package_discovery Level 1 discover_packages(ignore) check parameters
[1.368s] colcon.colcon_core.package_discovery Level 1 discover_packages(path) check parameters
[1.375s] colcon.colcon_core.package_discovery Level 1 discover_packages(recursive) discover
[1.381s] colcon.colcon_core.package_discovery INFO Crawling recursively for packages in 'j:\git\movement\STRATA_Jetson\catkin'
[1.388s] colcon.colcon_core.package_identification Level 1 _identify(j:\git\movement\STRATA_Jetson\catkin) by extensions ['ignore', 'ignore_ament_install']
[1.395s] colcon.colcon_core.package_identification Level 1 _identify(j:\git\movement\STRATA_Jetson\catkin) by extension 'ignore'
[1.411s] colcon.colcon_core.package_identification Level 1 _identify(j:\git\movement\STRATA_Jetson\catkin) by extension 'ignore_ament_install'
[1.425s] colcon.colcon_core.package_identification Level 1 _identify(j:\git\movement\STRATA_Jetson\catkin) by extensions ['colcon_pkg']
[1.425s] colcon.colcon_core.package_identification Level 1 _identify(j:\git\movement\STRATA_Jetson\catkin) by extension 'colcon_pkg'
[1.439s] colcon.colcon_core.package_identification Level 1 _identify(j:\git\movement\STRATA_Jetson\catkin) by extensions ['colcon_meta']
[1.440s] colcon.colcon_core.package_identification Level 1 _identify(j:\git\movement\STRATA_Jetson\catkin) by extension 'colcon_meta'
[1.447s] colcon.colcon_core.package_identification Level 1 _identify(j:\git\movement\STRATA_Jetson\catkin) by extensions ['ros']
[1.455s] colcon.colcon_core.package_identification Level 1 _identify(j:\git\movement\STRATA_Jetson\catkin) by extension 'ros'
[1.528s] colcon.colcon_core.package_identification Level 1 _identify(j:\git\movement\STRATA_Jetson\catkin) by extensions ['cmake', 'python']
[1.529s] colcon.colcon_core.package_identification Level 1 _identify(j:\git\movement\STRATA_Jetson\catkin) by extension 'cmake'
[1.544s] colcon.colcon_core.package_identification Level 1 _identify(j:\git\movement\STRATA_Jetson\catkin) by extension 'python'
[1.559s] colcon.colcon_core.package_identification Level 1 _identify(j:\git\movement\STRATA_Jetson\catkin) by extensions ['python_setup_py']
[1.564s] colcon.colcon_core.package_identification Level 1 _identify(j:\git\movement\STRATA_Jetson\catkin) by extension 'python_setup_py'
[1.578s] colcon.colcon_core.package_identification Level 1 _identify(j:\git\movement\STRATA_Jetson\catkin\build) by extensions ['ignore', 'ignore_ament_install']
[1.579s] colcon.colcon_core.package_identification Level 1 _identify(j:\git\movement\STRATA_Jetson\catkin\build) by extension 'ignore'
[1.591s] colcon.colcon_core.package_identification Level 1 _identify(j:\git\movement\STRATA_Jetson\catkin\build) by extension 'ignore_ament_install'
[1.606s] colcon.colcon_core.package_identification Level 1 _identify(j:\git\movement\STRATA_Jetson\catkin\build) by extensions ['colcon_pkg']
[1.606s] colcon.colcon_core.package_identification Level 1 _identify(j:\git\movement\STRATA_Jetson\catkin\build) by extension 'colcon_pkg'
[1.631s] colcon.colcon_core.package_identification Level 1 _identify(j:\git\movement\STRATA_Jetson\catkin\build) by extensions ['colcon_meta']
[1.631s] colcon.colcon_core.package_identification Level 1 _identify(j:\git\movement\STRATA_Jetson\catkin\build) by extension 'colcon_meta'
[1.643s] colcon.colcon_core.package_identification Level 1 _identify(j:\git\movement\STRATA_Jetson\catkin\build) by extensions ['ros']
[1.651s] colcon.colcon_core.package_identification Level 1 _identify(j:\git\movement\STRATA_Jetson\catkin\build) by extension 'ros'
[1.671s] colcon.colcon_core.package_identification Level 1 _identify(j:\git\movement\STRATA_Jetson\catkin\build) ignored
[1.673s] colcon.colcon_core.package_identification Level 1 _identify(j:\git\movement\STRATA_Jetson\catkin\devel) by extensions ['ignore', 'ignore_ament_install']
[1.684s] colcon.colcon_core.package_identification Level 1 _identify(j:\git\movement\STRATA_Jetson\catkin\devel) by extension 'ignore'
[1.698s] colcon.colcon_core.package_identification Level 1 _identify(j:\git\movement\STRATA_Jetson\catkin\devel) by extension 'ignore_ament_install'
[1.711s] colcon.colcon_core.package_identification Level 1 _identify(j:\git\movement\STRATA_Jetson\catkin\devel) ignored
[1.736s] colcon.colcon_core.package_identification Level 1 _identify(j:\git\movement\STRATA_Jetson\catkin\log) by extensions ['ignore', 'ignore_ament_install']
[1.736s] colcon.colcon_core.package_identification Level 1 _identify(j:\git\movement\STRATA_Jetson\catkin\log) by extension 'ignore'
[1.750s] colcon.colcon_core.package_identification Level 1 _identify(j:\git\movement\STRATA_Jetson\catkin\log) ignored
[1.768s] colcon.colcon_core.package_identification Level 1 _identify(j:\git\movement\STRATA_Jetson\catkin\src) by extensions ['ignore', 'ignore_ament_install']
[1.769s] colcon.colcon_core.package_identification Level 1 _identify(j:\git\movement\STRATA_Jetson\catkin\src) by extension 'ignore'
[1.782s] colcon.colcon_core.package_identification Level 1 _identify(j:\git\movement\STRATA_Jetson\catkin\src) by extension 'ignore_ament_install'
[1.798s] colcon.colcon_core.package_identification Level 1 _identify(j:\git\movement\STRATA_Jetson\catkin\src) by extensions ['colcon_pkg']
[1.798s] colcon.colcon_core.package_identification Level 1 _identify(j:\git\movement\STRATA_Jetson\catkin\src) by extension 'colcon_pkg'
[1.812s] colcon.colcon_core.package_identification Level 1 _identify(j:\git\movement\STRATA_Jetson\catkin\src) by extensions ['colcon_meta']
[1.812s] colcon.colcon_core.package_identification Level 1 _identify(j:\git\movement\STRATA_Jetson\catkin\src) by extension 'colcon_meta'
[1.824s] colcon.colcon_core.package_identification Level 1 _identify(j:\git\movement\STRATA_Jetson\catkin\src) by extensions ['ros']
[1.825s] colcon.colcon_core.package_identification Level 1 _identify(j:\git\movement\STRATA_Jetson\catkin\src) by extension 'ros'
[1.853s] colcon.colcon_core.package_identification Level 1 _identify(j:\git\movement\STRATA_Jetson\catkin\src) by extensions ['cmake', 'python']
[1.854s] colcon.colcon_core.package_identification Level 1 _identify(j:\git\movement\STRATA_Jetson\catkin\src) by extension 'cmake'
[1.872s] colcon.colcon_core.package_identification Level 1 _identify(j:\git\movement\STRATA_Jetson\catkin\src) by extension 'python'
[1.878s] colcon.colcon_core.package_identification Level 1 _identify(j:\git\movement\STRATA_Jetson\catkin\src) by extensions ['python_setup_py']
[1.878s] colcon.colcon_core.package_identification Level 1 _identify(j:\git\movement\STRATA_Jetson\catkin\src) by extension 'python_setup_py'
[1.893s] colcon.colcon_core.package_identification Level 1 _identify(j:\git\movement\STRATA_Jetson\catkin\src\wheel_controller) by extensions ['ignore', 'ignore_ament_install']
[1.899s] colcon.colcon_core.package_identification Level 1 _identify(j:\git\movement\STRATA_Jetson\catkin\src\wheel_controller) by extension 'ignore'
[1.913s] colcon.colcon_core.package_identification Level 1 _identify(j:\git\movement\STRATA_Jetson\catkin\src\wheel_controller) by extension 'ignore_ament_install'
[1.925s] colcon.colcon_core.package_identification Level 1 _identify(j:\git\movement\STRATA_Jetson\catkin\src\wheel_controller) by extensions ['colcon_pkg']
[1.930s] colcon.colcon_core.package_identification Level 1 _identify(j:\git\movement\STRATA_Jetson\catkin\src\wheel_controller) by extension 'colcon_pkg'
[1.943s] colcon.colcon_core.package_identification Level 1 _identify(j:\git\movement\STRATA_Jetson\catkin\src\wheel_controller) by extensions ['colcon_meta']
[1.943s] colcon.colcon_core.package_identification Level 1 _identify(j:\git\movement\STRATA_Jetson\catkin\src\wheel_controller) by extension 'colcon_meta'
[1.948s] colcon.colcon_core.package_identification Level 1 _identify(j:\git\movement\STRATA_Jetson\catkin\src\wheel_controller) by extensions ['ros']
[1.954s] colcon.colcon_core.package_identification Level 1 _identify(j:\git\movement\STRATA_Jetson\catkin\src\wheel_controller) by extension 'ros'
[2.019s] colcon.colcon_core.package_identification DEBUG Package 'j:\git\movement\STRATA_Jetson\catkin\src\wheel_controller' with type 'ros.catkin' and name 'wheel_controller'
[2.019s] colcon.colcon_core.package_discovery Level 1 discover_packages(recursive) using defaults
