Determining if the pthread_create exist failed with the following output:
Change Dir: /home/strata/git/movement/STRATA_Jetson/catkin/build/CMakeFiles/CMakeTmp

Run Build Command:"/usr/bin/make" "cmTC_e0868/fast"
/usr/bin/make -f CMakeFiles/cmTC_e0868.dir/build.make CMakeFiles/cmTC_e0868.dir/build
make[1]: Entering directory '/home/strata/git/movement/STRATA_Jetson/catkin/build/CMakeFiles/CMakeTmp'
Building C object CMakeFiles/cmTC_e0868.dir/CheckSymbolExists.c.o
/usr/bin/cc    -o CMakeFiles/cmTC_e0868.dir/CheckSymbolExists.c.o   -c /home/strata/git/movement/STRATA_Jetson/catkin/build/CMakeFiles/CMakeTmp/CheckSymbolExists.c
Linking C executable cmTC_e0868
/usr/bin/cmake -E cmake_link_script CMakeFiles/cmTC_e0868.dir/link.txt --verbose=1
/usr/bin/cc      -rdynamic CMakeFiles/cmTC_e0868.dir/CheckSymbolExists.c.o  -o cmTC_e0868 
CMakeFiles/cmTC_e0868.dir/CheckSymbolExists.c.o: In function `main':
CheckSymbolExists.c:(.text+0x14): undefined reference to `pthread_create'
CheckSymbolExists.c:(.text+0x18): undefined reference to `pthread_create'
collect2: error: ld returned 1 exit status
CMakeFiles/cmTC_e0868.dir/build.make:97: recipe for target 'cmTC_e0868' failed
make[1]: *** [cmTC_e0868] Error 1
make[1]: Leaving directory '/home/strata/git/movement/STRATA_Jetson/catkin/build/CMakeFiles/CMakeTmp'
Makefile:126: recipe for target 'cmTC_e0868/fast' failed
make: *** [cmTC_e0868/fast] Error 2

File /home/strata/git/movement/STRATA_Jetson/catkin/build/CMakeFiles/CMakeTmp/CheckSymbolExists.c:
/* */
#include <pthread.h>

int main(int argc, char** argv)
{
  (void)argv;
#ifndef pthread_create
  return ((int*)(&pthread_create))[argc];
#else
  (void)argc;
  return 0;
#endif
}

Determining if the function pthread_create exists in the pthreads failed with the following output:
Change Dir: /home/strata/git/movement/STRATA_Jetson/catkin/build/CMakeFiles/CMakeTmp

Run Build Command:"/usr/bin/make" "cmTC_97682/fast"
/usr/bin/make -f CMakeFiles/cmTC_97682.dir/build.make CMakeFiles/cmTC_97682.dir/build
make[1]: Entering directory '/home/strata/git/movement/STRATA_Jetson/catkin/build/CMakeFiles/CMakeTmp'
Building C object CMakeFiles/cmTC_97682.dir/CheckFunctionExists.c.o
/usr/bin/cc   -DCHECK_FUNCTION_EXISTS=pthread_create   -o CMakeFiles/cmTC_97682.dir/CheckFunctionExists.c.o   -c /usr/share/cmake-3.10/Modules/CheckFunctionExists.c
Linking C executable cmTC_97682
/usr/bin/cmake -E cmake_link_script CMakeFiles/cmTC_97682.dir/link.txt --verbose=1
/usr/bin/cc  -DCHECK_FUNCTION_EXISTS=pthread_create    -rdynamic CMakeFiles/cmTC_97682.dir/CheckFunctionExists.c.o  -o cmTC_97682 -lpthreads 
/usr/bin/ld: cannot find -lpthreads
collect2: error: ld returned 1 exit status
CMakeFiles/cmTC_97682.dir/build.make:97: recipe for target 'cmTC_97682' failed
make[1]: *** [cmTC_97682] Error 1
make[1]: Leaving directory '/home/strata/git/movement/STRATA_Jetson/catkin/build/CMakeFiles/CMakeTmp'
Makefile:126: recipe for target 'cmTC_97682/fast' failed
make: *** [cmTC_97682/fast] Error 2


